<?xml version="1.0" encoding="UTF-8"?>
<!-- Generated by org.testng.reporters.JUnitReportReporter -->
<testsuite skipped="0" hostname="TT0022324" name="hepsiburada.DemoHomework.Homepage" tests="4" failures="0" timestamp="2020-06-28T12:44:28 EET" time="20.428" errors="0">
  <testcase name="goAccount" time="4.017" classname="hepsiburada.DemoHomework.Homepage"/>
  <system-out/>
  <testcase name="verifyProducts" time="0.002" classname="hepsiburada.DemoHomework.Homepage"/>
  <system-out/>
  <testcase name="goBasket" time="1.961" classname="hepsiburada.DemoHomework.Homepage"/>
  <system-out/>
  <testcase name="goAraundOnProducts" time="14.448" classname="hepsiburada.DemoHomework.Homepage"/>
  <system-out/>
</testsuite> <!-- hepsiburada.DemoHomework.Homepage -->
